4520
&CONTROL
  calculation = 'scf'
  etot_conv_thr =   2.8000000000d-04
  forc_conv_thr =   1.0000000000d-04
  max_seconds =   4.1040000000d+04
  outdir = './out/'
  prefix = 'aiida'
  pseudo_dir = './pseudo/'
  tprnfor = .true.
  tstress = .true.
  verbosity = 'high'
/
&SYSTEM
  degauss =   1.0000000000d-02
  ecutrho =   7.8000000000d+02
  ecutwfc =   6.5000000000d+01
  ibrav = 0
  nat = 28
  nosym = .false.
  nspin = 2
  ntyp = 4
  occupations = 'smearing'
  smearing = 'cold'
  starting_magnetization(1) =   1.0000000000d-01
  starting_magnetization(2) =   3.3333333333d-01
  starting_magnetization(3) =   1.0000000000d-01
  starting_magnetization(4) =   1.0000000000d-01
/
&ELECTRONS
  conv_thr =   5.6000000000d-09
  electron_maxstep = 80
  mixing_beta =   4.0000000000d-01
/
ATOMIC_SPECIES
Li     6.94 li_pbe_v1.4.uspp.F.UPF
Mn     54.938044 mn_pbe_v1.5.uspp.F.UPF
O      15.999 O.pbe-n-kjpaw_psl.0.1.UPF
P      30.973761998 P.pbe-n-rrkjus_psl.1.0.0.UPF
ATOMIC_POSITIONS angstrom
Mn          -0.0159911333       0.0000000000      -4.7299542407 
Mn          -5.2532874996       0.0000000000      -2.1169943896 
Mn          -0.6576188502      -3.0458750593      -2.3599118153 
Mn          -5.8949017639      -3.0458750593      -4.4870359388 
O           -1.9680862875       0.0000000000      -1.1233897963 
O           -3.9428120202      -3.0458750593      -3.3531945933 
O           -9.1800972883      -3.0458750593      -3.4934362224 
O           -7.2053736853       0.0000000000      -0.9831558126 
O           -8.6777704718       0.0000000000      -3.5931422503 
O           -7.7077262116      -3.0458750593      -0.8834540409 
O           -2.4704151454      -3.0458750593      -1.2230955636 
O           -3.4404596040       0.0000000000      -3.2534916454 
O           -9.8768531049      -1.8103480315      -0.9238535545 
O           -9.8768531049      -4.2814020871      -0.9238535545 
O           -4.6395553654      -1.8103324312      -1.1827047981 
O           -4.6395553654      -4.2814176875      -1.1827047981 
O           -1.2713325306      -1.2355270796      -3.2938914858 
O           -1.2713325306      -4.8562230391      -3.2938914858 
O           -6.5086301878      -1.2355418356      -3.5527494690 
O           -6.5086301878      -4.8562082830      -3.5527494690 
P           -2.0038078449       0.0000000000      -2.6589499185 
P           -3.9070754695      -3.0458750593      -1.8176397179 
P           -9.1443798376      -3.0458750593      -0.2889125601 
P           -7.2411084829       0.0000000000      -4.1876848379 
Li          -2.9554466273      -1.5229326075      -4.6083397546 
Li          -8.1927366207      -1.5229416093      -2.2383014897 
Li          -8.1927366207      -4.5688085094      -2.2383014897 
Li          -2.9554466273      -4.5688175111      -4.6083397546 
K_POINTS automatic
5 4 2 0 0 0
CELL_PARAMETERS angstrom
      0.0000034379       0.0000000000      -4.7400845359
      0.0000000000      -6.0917501187       0.0000000000
    -10.4745763288       0.0000000000      -0.0000047800
HUBBARD	ortho-atomic
 U	Mn-3d	4.5618
 V	Mn-3d	O-2p	1	518	0.0001
 V	Mn-3d	O-2p	1	601	0.0001
 V	Mn-3d	O-2p	1	373	0.0001
 V	Mn-3d	O-2p	1	621	0.0001
 V	Mn-3d	O-2p	1	326	0.0001
 V	Mn-3d	O-2p	1	17	0.0001
 V	Mn-3d	O-2p	1	596	0.0001
 V	Mn-3d	O-2p	2	15	0.0001
 V	Mn-3d	O-2p	2	324	0.0001
 V	Mn-3d	O-2p	2	12	0.0001
 V	Mn-3d	O-2p	2	8	0.0001
 V	Mn-3d	O-2p	2	19	0.0001
 V	Mn-3d	O-2p	2	328	0.0001
 V	Mn-3d	O-2p	2	5	0.0001
 V	Mn-3d	O-2p	3	18	0.0001
 V	Mn-3d	O-2p	3	17	0.0001
 V	Mn-3d	O-2p	3	11	0.0001
 V	Mn-3d	O-2p	3	371	0.0001
 V	Mn-3d	O-2p	3	378	0.0001
 V	Mn-3d	O-2p	3	377	0.0001
 V	Mn-3d	O-2p	3	6	0.0001
 V	Mn-3d	O-2p	4	20	0.0001
 V	Mn-3d	O-2p	4	19	0.0001
 V	Mn-3d	O-2p	4	626	0.0001
 V	Mn-3d	O-2p	4	6	0.0001
 V	Mn-3d	O-2p	4	632	0.0001
 V	Mn-3d	O-2p	4	631	0.0001
 V	Mn-3d	O-2p	4	7	0.0001

4532
&CONTROL
  calculation = 'scf'
  etot_conv_thr =   2.8000000000d-04
  forc_conv_thr =   1.0000000000d-04
  max_seconds =   4.1040000000d+04
  outdir = './out/'
  prefix = 'aiida'
  pseudo_dir = './pseudo/'
  restart_mode = 'from_scratch'
  tprnfor = .true.
  tstress = .true.
  verbosity = 'high'
/
&SYSTEM
  ecutrho =   7.8000000000d+02
  ecutwfc =   6.5000000000d+01
  ibrav = 0
  nat = 28
  nbnd = 113
  nosym = .false.
  nspin = 2
  ntyp = 4
  occupations = 'fixed'
  tot_magnetization =   2.0000000000d+01
/
&ELECTRONS
  conv_thr =   5.6000000000d-09
  electron_maxstep = 80
  mixing_beta =   4.0000000000d-01
  startingpot = 'file'
  startingwfc = 'file'
/
ATOMIC_SPECIES
Li     6.94 li_pbe_v1.4.uspp.F.UPF
Mn     54.938044 mn_pbe_v1.5.uspp.F.UPF
O      15.999 O.pbe-n-kjpaw_psl.0.1.UPF
P      30.973761998 P.pbe-n-rrkjus_psl.1.0.0.UPF
ATOMIC_POSITIONS angstrom
Mn          -0.0159911333       0.0000000000      -4.7299542407 
Mn          -5.2532874996       0.0000000000      -2.1169943896 
Mn          -0.6576188502      -3.0458750593      -2.3599118153 
Mn          -5.8949017639      -3.0458750593      -4.4870359388 
O           -1.9680862875       0.0000000000      -1.1233897963 
O           -3.9428120202      -3.0458750593      -3.3531945933 
O           -9.1800972883      -3.0458750593      -3.4934362224 
O           -7.2053736853       0.0000000000      -0.9831558126 
O           -8.6777704718       0.0000000000      -3.5931422503 
O           -7.7077262116      -3.0458750593      -0.8834540409 
O           -2.4704151454      -3.0458750593      -1.2230955636 
O           -3.4404596040       0.0000000000      -3.2534916454 
O           -9.8768531049      -1.8103480315      -0.9238535545 
O           -9.8768531049      -4.2814020871      -0.9238535545 
O           -4.6395553654      -1.8103324312      -1.1827047981 
O           -4.6395553654      -4.2814176875      -1.1827047981 
O           -1.2713325306      -1.2355270796      -3.2938914858 
O           -1.2713325306      -4.8562230391      -3.2938914858 
O           -6.5086301878      -1.2355418356      -3.5527494690 
O           -6.5086301878      -4.8562082830      -3.5527494690 
P           -2.0038078449       0.0000000000      -2.6589499185 
P           -3.9070754695      -3.0458750593      -1.8176397179 
P           -9.1443798376      -3.0458750593      -0.2889125601 
P           -7.2411084829       0.0000000000      -4.1876848379 
Li          -2.9554466273      -1.5229326075      -4.6083397546 
Li          -8.1927366207      -1.5229416093      -2.2383014897 
Li          -8.1927366207      -4.5688085094      -2.2383014897 
Li          -2.9554466273      -4.5688175111      -4.6083397546 
K_POINTS automatic
5 4 2 0 0 0
CELL_PARAMETERS angstrom
      0.0000034379       0.0000000000      -4.7400845359
      0.0000000000      -6.0917501187       0.0000000000
    -10.4745763288       0.0000000000      -0.0000047800
HUBBARD	ortho-atomic
 U	Mn-3d	4.5618
 V	Mn-3d	O-2p	1	518	0.0001
 V	Mn-3d	O-2p	1	601	0.0001
 V	Mn-3d	O-2p	1	373	0.0001
 V	Mn-3d	O-2p	1	621	0.0001
 V	Mn-3d	O-2p	1	326	0.0001
 V	Mn-3d	O-2p	1	17	0.0001
 V	Mn-3d	O-2p	1	596	0.0001
 V	Mn-3d	O-2p	2	15	0.0001
 V	Mn-3d	O-2p	2	324	0.0001
 V	Mn-3d	O-2p	2	12	0.0001
 V	Mn-3d	O-2p	2	8	0.0001
 V	Mn-3d	O-2p	2	19	0.0001
 V	Mn-3d	O-2p	2	328	0.0001
 V	Mn-3d	O-2p	2	5	0.0001
 V	Mn-3d	O-2p	3	18	0.0001
 V	Mn-3d	O-2p	3	17	0.0001
 V	Mn-3d	O-2p	3	11	0.0001
 V	Mn-3d	O-2p	3	371	0.0001
 V	Mn-3d	O-2p	3	378	0.0001
 V	Mn-3d	O-2p	3	377	0.0001
 V	Mn-3d	O-2p	3	6	0.0001
 V	Mn-3d	O-2p	4	20	0.0001
 V	Mn-3d	O-2p	4	19	0.0001
 V	Mn-3d	O-2p	4	626	0.0001
 V	Mn-3d	O-2p	4	6	0.0001
 V	Mn-3d	O-2p	4	632	0.0001
 V	Mn-3d	O-2p	4	631	0.0001
 V	Mn-3d	O-2p	4	7	0.0001

4554
&INPUTHP
  conv_thr_chi =   5.0000000000d-06
  iverbosity = 3
  nq1 = 2
  nq2 = 2
  nq3 = 2
  outdir = 'out'
  prefix = 'aiida'
/

4581
&CONTROL
  calculation = 'scf'
  etot_conv_thr =   2.8000000000d-04
  forc_conv_thr =   1.0000000000d-04
  max_seconds =   4.1040000000d+04
  outdir = './out/'
  prefix = 'aiida'
  pseudo_dir = './pseudo/'
  tprnfor = .true.
  tstress = .true.
  verbosity = 'high'
/
&SYSTEM
  degauss =   1.0000000000d-02
  ecutrho =   7.8000000000d+02
  ecutwfc =   6.5000000000d+01
  ibrav = 0
  nat = 28
  nosym = .false.
  nspin = 2
  ntyp = 4
  occupations = 'smearing'
  smearing = 'cold'
  starting_magnetization(1) =   1.0000000000d-01
  starting_magnetization(2) =   3.3333333333d-01
  starting_magnetization(3) =   1.0000000000d-01
  starting_magnetization(4) =   1.0000000000d-01
/
&ELECTRONS
  conv_thr =   5.6000000000d-09
  electron_maxstep = 80
  mixing_beta =   4.0000000000d-01
/
ATOMIC_SPECIES
Li     6.941 li_pbe_v1.4.uspp.F.UPF
Mn0    54.938045 mn_pbe_v1.5.uspp.F.UPF
O1     15.9994 O.pbe-n-kjpaw_psl.0.1.UPF
P      30.973761 P.pbe-n-rrkjus_psl.1.0.0.UPF
ATOMIC_POSITIONS angstrom
Mn0         -0.0159911333       0.0000000000      -4.7299542407 
Mn0         -5.2532874996       0.0000000000      -2.1169943896 
Mn0         -0.6576188502      -3.0458750593      -2.3599118153 
Mn0         -5.8949017639      -3.0458750593      -4.4870359388 
O1          -1.9680862875       0.0000000000      -1.1233897963 
O1          -3.9428120202      -3.0458750593      -3.3531945933 
O1          -9.1800972883      -3.0458750593      -3.4934362224 
O1          -7.2053736853       0.0000000000      -0.9831558126 
O1          -8.6777704718       0.0000000000      -3.5931422503 
O1          -7.7077262116      -3.0458750593      -0.8834540409 
O1          -2.4704151454      -3.0458750593      -1.2230955636 
O1          -3.4404596040       0.0000000000      -3.2534916454 
O1          -9.8768531049      -1.8103480315      -0.9238535545 
O1          -9.8768531049      -4.2814020871      -0.9238535545 
O1          -4.6395553654      -1.8103324312      -1.1827047981 
O1          -4.6395553654      -4.2814176875      -1.1827047981 
O1          -1.2713325306      -1.2355270796      -3.2938914858 
O1          -1.2713325306      -4.8562230391      -3.2938914858 
O1          -6.5086301878      -1.2355418356      -3.5527494690 
O1          -6.5086301878      -4.8562082830      -3.5527494690 
P           -2.0038078449       0.0000000000      -2.6589499185 
P           -3.9070754695      -3.0458750593      -1.8176397179 
P           -9.1443798376      -3.0458750593      -0.2889125601 
P           -7.2411084829       0.0000000000      -4.1876848379 
Li          -2.9554466273      -1.5229326075      -4.6083397546 
Li          -8.1927366207      -1.5229416093      -2.2383014897 
Li          -8.1927366207      -4.5688085094      -2.2383014897 
Li          -2.9554466273      -4.5688175111      -4.6083397546 
K_POINTS automatic
5 4 2 0 0 0
CELL_PARAMETERS angstrom
      0.0000034379       0.0000000000      -4.7400845359
      0.0000000000      -6.0917501187       0.0000000000
    -10.4745763288       0.0000000000      -0.0000047800
HUBBARD	{ortho-atomic}
 U	Mn0-3d	4.2809
 V	Mn0-3d	O1-2p	1	518	0.7464
 V	Mn0-3d	O1-2p	1	601	0.7464
 V	Mn0-3d	O1-2p	1	373	0.7746
 V	Mn0-3d	O1-2p	1	621	0.518
 V	Mn0-3d	O1-2p	1	17	0.3979
 V	Mn0-3d	O1-2p	1	326	0.3979
 V	Mn0-3d	O1-2p	2	15	0.7464
 V	Mn0-3d	O1-2p	2	324	0.7464
 V	Mn0-3d	O1-2p	2	12	0.7746
 V	Mn0-3d	O1-2p	2	8	0.518
 V	Mn0-3d	O1-2p	2	19	0.3979
 V	Mn0-3d	O1-2p	2	328	0.3979
 V	Mn0-3d	O1-2p	3	17	0.7464
 V	Mn0-3d	O1-2p	3	18	0.7464
 V	Mn0-3d	O1-2p	3	11	0.7746
 V	Mn0-3d	O1-2p	3	371	0.518
 V	Mn0-3d	O1-2p	3	378	0.3979
 V	Mn0-3d	O1-2p	3	377	0.3979
 V	Mn0-3d	O1-2p	4	20	0.7464
 V	Mn0-3d	O1-2p	4	19	0.7464
 V	Mn0-3d	O1-2p	4	626	0.7746
 V	Mn0-3d	O1-2p	4	6	0.518
 V	Mn0-3d	O1-2p	4	631	0.3979
 V	Mn0-3d	O1-2p	4	632	0.3979

4593
&CONTROL
  calculation = 'scf'
  etot_conv_thr =   2.8000000000d-04
  forc_conv_thr =   1.0000000000d-04
  max_seconds =   4.1040000000d+04
  outdir = './out/'
  prefix = 'aiida'
  pseudo_dir = './pseudo/'
  restart_mode = 'from_scratch'
  tprnfor = .true.
  tstress = .true.
  verbosity = 'high'
/
&SYSTEM
  ecutrho =   7.8000000000d+02
  ecutwfc =   6.5000000000d+01
  ibrav = 0
  nat = 28
  nbnd = 113
  nosym = .false.
  nspin = 2
  ntyp = 4
  occupations = 'fixed'
  tot_magnetization =   2.0000000000d+01
/
&ELECTRONS
  conv_thr =   5.6000000000d-09
  electron_maxstep = 80
  mixing_beta =   4.0000000000d-01
  startingpot = 'file'
  startingwfc = 'file'
/
ATOMIC_SPECIES
Li     6.941 li_pbe_v1.4.uspp.F.UPF
Mn0    54.938045 mn_pbe_v1.5.uspp.F.UPF
O1     15.9994 O.pbe-n-kjpaw_psl.0.1.UPF
P      30.973761 P.pbe-n-rrkjus_psl.1.0.0.UPF
ATOMIC_POSITIONS angstrom
Mn0         -0.0159911333       0.0000000000      -4.7299542407 
Mn0         -5.2532874996       0.0000000000      -2.1169943896 
Mn0         -0.6576188502      -3.0458750593      -2.3599118153 
Mn0         -5.8949017639      -3.0458750593      -4.4870359388 
O1          -1.9680862875       0.0000000000      -1.1233897963 
O1          -3.9428120202      -3.0458750593      -3.3531945933 
O1          -9.1800972883      -3.0458750593      -3.4934362224 
O1          -7.2053736853       0.0000000000      -0.9831558126 
O1          -8.6777704718       0.0000000000      -3.5931422503 
O1          -7.7077262116      -3.0458750593      -0.8834540409 
O1          -2.4704151454      -3.0458750593      -1.2230955636 
O1          -3.4404596040       0.0000000000      -3.2534916454 
O1          -9.8768531049      -1.8103480315      -0.9238535545 
O1          -9.8768531049      -4.2814020871      -0.9238535545 
O1          -4.6395553654      -1.8103324312      -1.1827047981 
O1          -4.6395553654      -4.2814176875      -1.1827047981 
O1          -1.2713325306      -1.2355270796      -3.2938914858 
O1          -1.2713325306      -4.8562230391      -3.2938914858 
O1          -6.5086301878      -1.2355418356      -3.5527494690 
O1          -6.5086301878      -4.8562082830      -3.5527494690 
P           -2.0038078449       0.0000000000      -2.6589499185 
P           -3.9070754695      -3.0458750593      -1.8176397179 
P           -9.1443798376      -3.0458750593      -0.2889125601 
P           -7.2411084829       0.0000000000      -4.1876848379 
Li          -2.9554466273      -1.5229326075      -4.6083397546 
Li          -8.1927366207      -1.5229416093      -2.2383014897 
Li          -8.1927366207      -4.5688085094      -2.2383014897 
Li          -2.9554466273      -4.5688175111      -4.6083397546 
K_POINTS automatic
5 4 2 0 0 0
CELL_PARAMETERS angstrom
      0.0000034379       0.0000000000      -4.7400845359
      0.0000000000      -6.0917501187       0.0000000000
    -10.4745763288       0.0000000000      -0.0000047800
HUBBARD	{ortho-atomic}
 U	Mn0-3d	4.2809
 V	Mn0-3d	O1-2p	1	518	0.7464
 V	Mn0-3d	O1-2p	1	601	0.7464
 V	Mn0-3d	O1-2p	1	373	0.7746
 V	Mn0-3d	O1-2p	1	621	0.518
 V	Mn0-3d	O1-2p	1	17	0.3979
 V	Mn0-3d	O1-2p	1	326	0.3979
 V	Mn0-3d	O1-2p	2	15	0.7464
 V	Mn0-3d	O1-2p	2	324	0.7464
 V	Mn0-3d	O1-2p	2	12	0.7746
 V	Mn0-3d	O1-2p	2	8	0.518
 V	Mn0-3d	O1-2p	2	19	0.3979
 V	Mn0-3d	O1-2p	2	328	0.3979
 V	Mn0-3d	O1-2p	3	17	0.7464
 V	Mn0-3d	O1-2p	3	18	0.7464
 V	Mn0-3d	O1-2p	3	11	0.7746
 V	Mn0-3d	O1-2p	3	371	0.518
 V	Mn0-3d	O1-2p	3	378	0.3979
 V	Mn0-3d	O1-2p	3	377	0.3979
 V	Mn0-3d	O1-2p	4	20	0.7464
 V	Mn0-3d	O1-2p	4	19	0.7464
 V	Mn0-3d	O1-2p	4	626	0.7746
 V	Mn0-3d	O1-2p	4	6	0.518
 V	Mn0-3d	O1-2p	4	631	0.3979
 V	Mn0-3d	O1-2p	4	632	0.3979

4603
&INPUTHP
  conv_thr_chi =   5.0000000000d-06
  iverbosity = 3
  nq1 = 2
  nq2 = 2
  nq3 = 2
  outdir = 'out'
  prefix = 'aiida'
/

4620
&CONTROL
  calculation = 'scf'
  etot_conv_thr =   2.8000000000d-04
  forc_conv_thr =   1.0000000000d-04
  max_seconds =   4.1040000000d+04
  outdir = './out/'
  prefix = 'aiida'
  pseudo_dir = './pseudo/'
  tprnfor = .true.
  tstress = .true.
  verbosity = 'high'
/
&SYSTEM
  degauss =   1.0000000000d-02
  ecutrho =   7.8000000000d+02
  ecutwfc =   6.5000000000d+01
  ibrav = 0
  nat = 28
  nosym = .false.
  nspin = 2
  ntyp = 4
  occupations = 'smearing'
  smearing = 'cold'
  starting_magnetization(1) =   1.0000000000d-01
  starting_magnetization(2) =   3.3333333333d-01
  starting_magnetization(3) =   1.0000000000d-01
  starting_magnetization(4) =   1.0000000000d-01
/
&ELECTRONS
  conv_thr =   5.6000000000d-09
  electron_maxstep = 80
  mixing_beta =   4.0000000000d-01
/
ATOMIC_SPECIES
Li     6.941 li_pbe_v1.4.uspp.F.UPF
Mn0    54.938045 mn_pbe_v1.5.uspp.F.UPF
O1     15.9994 O.pbe-n-kjpaw_psl.0.1.UPF
P      30.973761 P.pbe-n-rrkjus_psl.1.0.0.UPF
ATOMIC_POSITIONS angstrom
Mn0         -0.0159911333       0.0000000000      -4.7299542407 
Mn0         -5.2532874996       0.0000000000      -2.1169943896 
Mn0         -0.6576188502      -3.0458750593      -2.3599118153 
Mn0         -5.8949017639      -3.0458750593      -4.4870359388 
O1          -1.9680862875       0.0000000000      -1.1233897963 
O1          -3.9428120202      -3.0458750593      -3.3531945933 
O1          -9.1800972883      -3.0458750593      -3.4934362224 
O1          -7.2053736853       0.0000000000      -0.9831558126 
O1          -8.6777704718       0.0000000000      -3.5931422503 
O1          -7.7077262116      -3.0458750593      -0.8834540409 
O1          -2.4704151454      -3.0458750593      -1.2230955636 
O1          -3.4404596040       0.0000000000      -3.2534916454 
O1          -9.8768531049      -1.8103480315      -0.9238535545 
O1          -9.8768531049      -4.2814020871      -0.9238535545 
O1          -4.6395553654      -1.8103324312      -1.1827047981 
O1          -4.6395553654      -4.2814176875      -1.1827047981 
O1          -1.2713325306      -1.2355270796      -3.2938914858 
O1          -1.2713325306      -4.8562230391      -3.2938914858 
O1          -6.5086301878      -1.2355418356      -3.5527494690 
O1          -6.5086301878      -4.8562082830      -3.5527494690 
P           -2.0038078449       0.0000000000      -2.6589499185 
P           -3.9070754695      -3.0458750593      -1.8176397179 
P           -9.1443798376      -3.0458750593      -0.2889125601 
P           -7.2411084829       0.0000000000      -4.1876848379 
Li          -2.9554466273      -1.5229326075      -4.6083397546 
Li          -8.1927366207      -1.5229416093      -2.2383014897 
Li          -8.1927366207      -4.5688085094      -2.2383014897 
Li          -2.9554466273      -4.5688175111      -4.6083397546 
K_POINTS automatic
5 4 2 0 0 0
CELL_PARAMETERS angstrom
      0.0000034379       0.0000000000      -4.7400845359
      0.0000000000      -6.0917501187       0.0000000000
    -10.4745763288       0.0000000000      -0.0000047800
HUBBARD	{ortho-atomic}
 U	Mn0-3d	4.4401
 V	Mn0-3d	O1-2p	1	518	0.7745
 V	Mn0-3d	O1-2p	1	601	0.7745
 V	Mn0-3d	O1-2p	1	373	0.8037
 V	Mn0-3d	O1-2p	1	621	0.5359
 V	Mn0-3d	O1-2p	1	17	0.4068
 V	Mn0-3d	O1-2p	1	326	0.4068
 V	Mn0-3d	O1-2p	2	15	0.7745
 V	Mn0-3d	O1-2p	2	324	0.7745
 V	Mn0-3d	O1-2p	2	12	0.8037
 V	Mn0-3d	O1-2p	2	8	0.5359
 V	Mn0-3d	O1-2p	2	19	0.4068
 V	Mn0-3d	O1-2p	2	328	0.4068
 V	Mn0-3d	O1-2p	3	17	0.7745
 V	Mn0-3d	O1-2p	3	18	0.7745
 V	Mn0-3d	O1-2p	3	11	0.8037
 V	Mn0-3d	O1-2p	3	371	0.5359
 V	Mn0-3d	O1-2p	3	378	0.4068
 V	Mn0-3d	O1-2p	3	377	0.4068
 V	Mn0-3d	O1-2p	4	20	0.7745
 V	Mn0-3d	O1-2p	4	19	0.7745
 V	Mn0-3d	O1-2p	4	626	0.8037
 V	Mn0-3d	O1-2p	4	6	0.5359
 V	Mn0-3d	O1-2p	4	631	0.4068
 V	Mn0-3d	O1-2p	4	632	0.4068

4632
&CONTROL
  calculation = 'scf'
  etot_conv_thr =   2.8000000000d-04
  forc_conv_thr =   1.0000000000d-04
  max_seconds =   4.1040000000d+04
  outdir = './out/'
  prefix = 'aiida'
  pseudo_dir = './pseudo/'
  restart_mode = 'from_scratch'
  tprnfor = .true.
  tstress = .true.
  verbosity = 'high'
/
&SYSTEM
  ecutrho =   7.8000000000d+02
  ecutwfc =   6.5000000000d+01
  ibrav = 0
  nat = 28
  nbnd = 113
  nosym = .false.
  nspin = 2
  ntyp = 4
  occupations = 'fixed'
  tot_magnetization =   2.0000000000d+01
/
&ELECTRONS
  conv_thr =   5.6000000000d-09
  electron_maxstep = 80
  mixing_beta =   4.0000000000d-01
  startingpot = 'file'
  startingwfc = 'file'
/
ATOMIC_SPECIES
Li     6.941 li_pbe_v1.4.uspp.F.UPF
Mn0    54.938045 mn_pbe_v1.5.uspp.F.UPF
O1     15.9994 O.pbe-n-kjpaw_psl.0.1.UPF
P      30.973761 P.pbe-n-rrkjus_psl.1.0.0.UPF
ATOMIC_POSITIONS angstrom
Mn0         -0.0159911333       0.0000000000      -4.7299542407 
Mn0         -5.2532874996       0.0000000000      -2.1169943896 
Mn0         -0.6576188502      -3.0458750593      -2.3599118153 
Mn0         -5.8949017639      -3.0458750593      -4.4870359388 
O1          -1.9680862875       0.0000000000      -1.1233897963 
O1          -3.9428120202      -3.0458750593      -3.3531945933 
O1          -9.1800972883      -3.0458750593      -3.4934362224 
O1          -7.2053736853       0.0000000000      -0.9831558126 
O1          -8.6777704718       0.0000000000      -3.5931422503 
O1          -7.7077262116      -3.0458750593      -0.8834540409 
O1          -2.4704151454      -3.0458750593      -1.2230955636 
O1          -3.4404596040       0.0000000000      -3.2534916454 
O1          -9.8768531049      -1.8103480315      -0.9238535545 
O1          -9.8768531049      -4.2814020871      -0.9238535545 
O1          -4.6395553654      -1.8103324312      -1.1827047981 
O1          -4.6395553654      -4.2814176875      -1.1827047981 
O1          -1.2713325306      -1.2355270796      -3.2938914858 
O1          -1.2713325306      -4.8562230391      -3.2938914858 
O1          -6.5086301878      -1.2355418356      -3.5527494690 
O1          -6.5086301878      -4.8562082830      -3.5527494690 
P           -2.0038078449       0.0000000000      -2.6589499185 
P           -3.9070754695      -3.0458750593      -1.8176397179 
P           -9.1443798376      -3.0458750593      -0.2889125601 
P           -7.2411084829       0.0000000000      -4.1876848379 
Li          -2.9554466273      -1.5229326075      -4.6083397546 
Li          -8.1927366207      -1.5229416093      -2.2383014897 
Li          -8.1927366207      -4.5688085094      -2.2383014897 
Li          -2.9554466273      -4.5688175111      -4.6083397546 
K_POINTS automatic
5 4 2 0 0 0
CELL_PARAMETERS angstrom
      0.0000034379       0.0000000000      -4.7400845359
      0.0000000000      -6.0917501187       0.0000000000
    -10.4745763288       0.0000000000      -0.0000047800
HUBBARD	{ortho-atomic}
 U	Mn0-3d	4.4401
 V	Mn0-3d	O1-2p	1	518	0.7745
 V	Mn0-3d	O1-2p	1	601	0.7745
 V	Mn0-3d	O1-2p	1	373	0.8037
 V	Mn0-3d	O1-2p	1	621	0.5359
 V	Mn0-3d	O1-2p	1	17	0.4068
 V	Mn0-3d	O1-2p	1	326	0.4068
 V	Mn0-3d	O1-2p	2	15	0.7745
 V	Mn0-3d	O1-2p	2	324	0.7745
 V	Mn0-3d	O1-2p	2	12	0.8037
 V	Mn0-3d	O1-2p	2	8	0.5359
 V	Mn0-3d	O1-2p	2	19	0.4068
 V	Mn0-3d	O1-2p	2	328	0.4068
 V	Mn0-3d	O1-2p	3	17	0.7745
 V	Mn0-3d	O1-2p	3	18	0.7745
 V	Mn0-3d	O1-2p	3	11	0.8037
 V	Mn0-3d	O1-2p	3	371	0.5359
 V	Mn0-3d	O1-2p	3	378	0.4068
 V	Mn0-3d	O1-2p	3	377	0.4068
 V	Mn0-3d	O1-2p	4	20	0.7745
 V	Mn0-3d	O1-2p	4	19	0.7745
 V	Mn0-3d	O1-2p	4	626	0.8037
 V	Mn0-3d	O1-2p	4	6	0.5359
 V	Mn0-3d	O1-2p	4	631	0.4068
 V	Mn0-3d	O1-2p	4	632	0.4068

4642
&INPUTHP
  conv_thr_chi =   5.0000000000d-06
  iverbosity = 3
  nq1 = 2
  nq2 = 2
  nq3 = 2
  outdir = 'out'
  prefix = 'aiida'
/

